This is pdfTeX, Version 3.14159265-2.6-1.40.21 (MiKTeX 2.9.7300 64-bit) (preloaded format=pdflatex 2020.2.15)  30 NOV 2020 16:02
entering extended mode
**./Slides_RD_reorganized.tex
(Slides_RD_reorganized.tex
LaTeX2e <2020-02-02>
L3 programming layer <2020-02-03> ("C:\Users\Claire\AppData\Local\Programs\MiKT
eX 2.9\tex/latex/beamer\beamer.cls"
Document Class: beamer 2019/09/29 v3.57 A class for typesetting presentations

("C:\Users\Claire\AppData\Local\Programs\MiKTeX 2.9\tex/latex/beamer\beamerbase
modes.sty"
("C:\Users\Claire\AppData\Local\Programs\MiKTeX 2.9\tex/latex/etoolbox\etoolbox
.sty"
Package: etoolbox 2019/09/21 v2.5h e-TeX tools for LaTeX (JAW)
\etb@tempcnta=\count167
)
\beamer@tempbox=\box45
\beamer@tempcount=\count168
\c@beamerpauses=\count169

("C:\Users\Claire\AppData\Local\Programs\MiKTeX 2.9\tex/latex/beamer\beamerbase
decode.sty"
\beamer@slideinframe=\count170
\beamer@minimum=\count171
\beamer@decode@box=\box46
)
\beamer@commentbox=\box47
\beamer@modecount=\count172
) ("C:\Users\Claire\AppData\Local\Programs\MiKTeX 2.9\tex/generic/iftex\ifpdf.s
ty"
Package: ifpdf 2019/10/25 v3.4 ifpdf legacy package. Use iftex instead.
("C:\Users\Claire\AppData\Local\Programs\MiKTeX 2.9\tex/generic/iftex\iftex.sty
"
Package: iftex 2019/11/07 v1.0c TeX engine tests
))
\headdp=\dimen134
\footheight=\dimen135
\sidebarheight=\dimen136
\beamer@tempdim=\dimen137
\beamer@finalheight=\dimen138
\beamer@animht=\dimen139
\beamer@animdp=\dimen140
\beamer@animwd=\dimen141
\beamer@leftmargin=\dimen142
\beamer@rightmargin=\dimen143
\beamer@leftsidebar=\dimen144
\beamer@rightsidebar=\dimen145
\beamer@boxsize=\dimen146
\beamer@vboxoffset=\dimen147
\beamer@descdefault=\dimen148
\beamer@descriptionwidth=\dimen149
\beamer@lastskip=\skip47
\beamer@areabox=\box48
\beamer@animcurrent=\box49
\beamer@animshowbox=\box50
\beamer@sectionbox=\box51
\beamer@logobox=\box52
\beamer@linebox=\box53
\beamer@sectioncount=\count173
\beamer@subsubsectionmax=\count174
\beamer@subsectionmax=\count175
\beamer@sectionmax=\count176
\beamer@totalheads=\count177
\beamer@headcounter=\count178
\beamer@partstartpage=\count179
\beamer@sectionstartpage=\count180
\beamer@subsectionstartpage=\count181
\beamer@animationtempa=\count182
\beamer@animationtempb=\count183
\beamer@xpos=\count184
\beamer@ypos=\count185
\beamer@ypos@offset=\count186
\beamer@showpartnumber=\count187
\beamer@currentsubsection=\count188
\beamer@coveringdepth=\count189
\beamer@sectionadjust=\count190
\beamer@tocsectionnumber=\count191

("C:\Users\Claire\AppData\Local\Programs\MiKTeX 2.9\tex/latex/beamer\beamerbase
options.sty"
("C:\Users\Claire\AppData\Local\Programs\MiKTeX 2.9\tex/latex/graphics\keyval.s
ty"
Package: keyval 2014/10/28 v1.15 key=value parser (DPC)
\KV@toks@=\toks14
))
\beamer@paperwidth=\skip48
\beamer@paperheight=\skip49

("C:\Users\Claire\AppData\Local\Programs\MiKTeX 2.9\tex/latex/geometry\geometry
.sty"
Package: geometry 2020/01/02 v5.9 Page Geometry

("C:\Users\Claire\AppData\Local\Programs\MiKTeX 2.9\tex/generic/iftex\ifvtex.st
y"
Package: ifvtex 2019/10/25 v1.7 ifvtex legacy package. Use iftex instead.
)
\Gm@cnth=\count192
\Gm@cntv=\count193
\c@Gm@tempcnt=\count194
\Gm@bindingoffset=\dimen150
\Gm@wd@mp=\dimen151
\Gm@odd@mp=\dimen152
\Gm@even@mp=\dimen153
\Gm@layoutwidth=\dimen154
\Gm@layoutheight=\dimen155
\Gm@layouthoffset=\dimen156
\Gm@layoutvoffset=\dimen157
\Gm@dimlist=\toks15

("C:\Users\Claire\AppData\Local\Programs\MiKTeX 2.9\tex/latex/geometry\geometry
.cfg")) ("C:\Users\Claire\AppData\Local\Programs\MiKTeX 2.9\tex/latex/base\size
11.clo"
File: size11.clo 2019/12/20 v1.4l Standard LaTeX file (size option)
)
("C:\Users\Claire\AppData\Local\Programs\MiKTeX 2.9\tex/latex/pgf/basiclayer\pg
fcore.sty"
("C:\Users\Claire\AppData\Local\Programs\MiKTeX 2.9\tex/latex/graphics\graphicx
.sty"
Package: graphicx 2019/11/30 v1.2a Enhanced LaTeX Graphics (DPC,SPQR)

("C:\Users\Claire\AppData\Local\Programs\MiKTeX 2.9\tex/latex/graphics\graphics
.sty"
Package: graphics 2019/11/30 v1.4a Standard LaTeX Graphics (DPC,SPQR)
("C:\Users\Claire\AppData\Local\Programs\MiKTeX 2.9\tex/latex/graphics\trig.sty
"
Package: trig 2016/01/03 v1.10 sin cos tan (DPC)
)
("C:\Users\Claire\AppData\Local\Programs\MiKTeX 2.9\tex/latex/graphics-cfg\grap
hics.cfg"
File: graphics.cfg 2016/06/04 v1.11 sample graphics configuration
)
Package graphics Info: Driver file: pdftex.def on input line 105.

("C:\Users\Claire\AppData\Local\Programs\MiKTeX 2.9\tex/latex/graphics-def\pdft
ex.def"
File: pdftex.def 2018/01/08 v1.0l Graphics/color driver for pdftex
))
\Gin@req@height=\dimen158
\Gin@req@width=\dimen159
)
("C:\Users\Claire\AppData\Local\Programs\MiKTeX 2.9\tex/latex/pgf/systemlayer\p
gfsys.sty"
("C:\Users\Claire\AppData\Local\Programs\MiKTeX 2.9\tex/latex/pgf/utilities\pgf
rcs.sty"
("C:\Users\Claire\AppData\Local\Programs\MiKTeX 2.9\tex/generic/pgf/utilities\p
gfutil-common.tex"
\pgfutil@everybye=\toks16
\pgfutil@tempdima=\dimen160
\pgfutil@tempdimb=\dimen161

("C:\Users\Claire\AppData\Local\Programs\MiKTeX 2.9\tex/generic/pgf/utilities\p
gfutil-common-lists.tex"))
("C:\Users\Claire\AppData\Local\Programs\MiKTeX 2.9\tex/generic/pgf/utilities\p
gfutil-latex.def"
\pgfutil@abb=\box54
("C:\Users\Claire\AppData\Local\Programs\MiKTeX 2.9\tex/latex/ms\everyshi.sty"
Package: everyshi 2001/05/15 v3.00 EveryShipout Package (MS)
))
("C:\Users\Claire\AppData\Local\Programs\MiKTeX 2.9\tex/generic/pgf/utilities\p
gfrcs.code.tex"
("C:\Users\Claire\AppData\Local\Programs\MiKTeX 2.9\tex/generic/pgf\pgf.revisio
n.tex")
Package: pgfrcs 2020/01/08 v3.1.5b (3.1.5b)
))
("C:\Users\Claire\AppData\Local\Programs\MiKTeX 2.9\tex/generic/pgf/systemlayer
\pgfsys.code.tex"
Package: pgfsys 2020/01/08 v3.1.5b (3.1.5b)

("C:\Users\Claire\AppData\Local\Programs\MiKTeX 2.9\tex/generic/pgf/utilities\p
gfkeys.code.tex"
\pgfkeys@pathtoks=\toks17
\pgfkeys@temptoks=\toks18

("C:\Users\Claire\AppData\Local\Programs\MiKTeX 2.9\tex/generic/pgf/utilities\p
gfkeysfiltered.code.tex"
\pgfkeys@tmptoks=\toks19
))
\pgf@x=\dimen162
\pgf@y=\dimen163
\pgf@xa=\dimen164
\pgf@ya=\dimen165
\pgf@xb=\dimen166
\pgf@yb=\dimen167
\pgf@xc=\dimen168
\pgf@yc=\dimen169
\pgf@xd=\dimen170
\pgf@yd=\dimen171
\w@pgf@writea=\write3
\r@pgf@reada=\read2
\c@pgf@counta=\count195
\c@pgf@countb=\count196
\c@pgf@countc=\count197
\c@pgf@countd=\count198
\t@pgf@toka=\toks20
\t@pgf@tokb=\toks21
\t@pgf@tokc=\toks22
\pgf@sys@id@count=\count199

("C:\Users\Claire\AppData\Local\Programs\MiKTeX 2.9\tex/generic/pgf/systemlayer
\pgf.cfg"
File: pgf.cfg 2020/01/08 v3.1.5b (3.1.5b)
)
Driver file for pgf: pgfsys-pdftex.def

("C:\Users\Claire\AppData\Local\Programs\MiKTeX 2.9\tex/generic/pgf/systemlayer
\pgfsys-pdftex.def"
File: pgfsys-pdftex.def 2020/01/08 v3.1.5b (3.1.5b)

("C:\Users\Claire\AppData\Local\Programs\MiKTeX 2.9\tex/generic/pgf/systemlayer
\pgfsys-common-pdf.def"
File: pgfsys-common-pdf.def 2020/01/08 v3.1.5b (3.1.5b)
)))
("C:\Users\Claire\AppData\Local\Programs\MiKTeX 2.9\tex/generic/pgf/systemlayer
\pgfsyssoftpath.code.tex"
File: pgfsyssoftpath.code.tex 2020/01/08 v3.1.5b (3.1.5b)
\pgfsyssoftpath@smallbuffer@items=\count266
\pgfsyssoftpath@bigbuffer@items=\count267
)
("C:\Users\Claire\AppData\Local\Programs\MiKTeX 2.9\tex/generic/pgf/systemlayer
\pgfsysprotocol.code.tex"
File: pgfsysprotocol.code.tex 2020/01/08 v3.1.5b (3.1.5b)
)) ("C:\Users\Claire\AppData\Local\Programs\MiKTeX 2.9\tex/latex/xcolor\xcolor.
sty"
Package: xcolor 2016/05/11 v2.12 LaTeX color extensions (UK)

("C:\Users\Claire\AppData\Local\Programs\MiKTeX 2.9\tex/latex/graphics-cfg\colo
r.cfg"
File: color.cfg 2016/01/02 v1.6 sample color configuration
)
Package xcolor Info: Driver file: pdftex.def on input line 225.
Package xcolor Info: Model `cmy' substituted by `cmy0' on input line 1348.
Package xcolor Info: Model `hsb' substituted by `rgb' on input line 1352.
Package xcolor Info: Model `RGB' extended on input line 1364.
Package xcolor Info: Model `HTML' substituted by `rgb' on input line 1366.
Package xcolor Info: Model `Hsb' substituted by `hsb' on input line 1367.
Package xcolor Info: Model `tHsb' substituted by `hsb' on input line 1368.
Package xcolor Info: Model `HSB' substituted by `hsb' on input line 1369.
Package xcolor Info: Model `Gray' substituted by `gray' on input line 1370.
Package xcolor Info: Model `wave' substituted by `hsb' on input line 1371.
)
("C:\Users\Claire\AppData\Local\Programs\MiKTeX 2.9\tex/generic/pgf/basiclayer\
pgfcore.code.tex"
Package: pgfcore 2020/01/08 v3.1.5b (3.1.5b)

("C:\Users\Claire\AppData\Local\Programs\MiKTeX 2.9\tex/generic/pgf/math\pgfmat
h.code.tex"
("C:\Users\Claire\AppData\Local\Programs\MiKTeX 2.9\tex/generic/pgf/math\pgfmat
hcalc.code.tex"
("C:\Users\Claire\AppData\Local\Programs\MiKTeX 2.9\tex/generic/pgf/math\pgfmat
hutil.code.tex")
("C:\Users\Claire\AppData\Local\Programs\MiKTeX 2.9\tex/generic/pgf/math\pgfmat
hparser.code.tex"
\pgfmath@dimen=\dimen172
\pgfmath@count=\count268
\pgfmath@box=\box55
\pgfmath@toks=\toks23
\pgfmath@stack@operand=\toks24
\pgfmath@stack@operation=\toks25
)
("C:\Users\Claire\AppData\Local\Programs\MiKTeX 2.9\tex/generic/pgf/math\pgfmat
hfunctions.code.tex"
("C:\Users\Claire\AppData\Local\Programs\MiKTeX 2.9\tex/generic/pgf/math\pgfmat
hfunctions.basic.code.tex")
("C:\Users\Claire\AppData\Local\Programs\MiKTeX 2.9\tex/generic/pgf/math\pgfmat
hfunctions.trigonometric.code.tex")
("C:\Users\Claire\AppData\Local\Programs\MiKTeX 2.9\tex/generic/pgf/math\pgfmat
hfunctions.random.code.tex")
("C:\Users\Claire\AppData\Local\Programs\MiKTeX 2.9\tex/generic/pgf/math\pgfmat
hfunctions.comparison.code.tex")
("C:\Users\Claire\AppData\Local\Programs\MiKTeX 2.9\tex/generic/pgf/math\pgfmat
hfunctions.base.code.tex")
("C:\Users\Claire\AppData\Local\Programs\MiKTeX 2.9\tex/generic/pgf/math\pgfmat
hfunctions.round.code.tex")
("C:\Users\Claire\AppData\Local\Programs\MiKTeX 2.9\tex/generic/pgf/math\pgfmat
hfunctions.misc.code.tex")
("C:\Users\Claire\AppData\Local\Programs\MiKTeX 2.9\tex/generic/pgf/math\pgfmat
hfunctions.integerarithmetics.code.tex")))
("C:\Users\Claire\AppData\Local\Programs\MiKTeX 2.9\tex/generic/pgf/math\pgfmat
hfloat.code.tex"
\c@pgfmathroundto@lastzeros=\count269
))
("C:\Users\Claire\AppData\Local\Programs\MiKTeX 2.9\tex/generic/pgf/math\pgfint
.code.tex")
("C:\Users\Claire\AppData\Local\Programs\MiKTeX 2.9\tex/generic/pgf/basiclayer\
pgfcorepoints.code.tex"
File: pgfcorepoints.code.tex 2020/01/08 v3.1.5b (3.1.5b)
\pgf@picminx=\dimen173
\pgf@picmaxx=\dimen174
\pgf@picminy=\dimen175
\pgf@picmaxy=\dimen176
\pgf@pathminx=\dimen177
\pgf@pathmaxx=\dimen178
\pgf@pathminy=\dimen179
\pgf@pathmaxy=\dimen180
\pgf@xx=\dimen181
\pgf@xy=\dimen182
\pgf@yx=\dimen183
\pgf@yy=\dimen184
\pgf@zx=\dimen185
\pgf@zy=\dimen186
)
("C:\Users\Claire\AppData\Local\Programs\MiKTeX 2.9\tex/generic/pgf/basiclayer\
pgfcorepathconstruct.code.tex"
File: pgfcorepathconstruct.code.tex 2020/01/08 v3.1.5b (3.1.5b)
\pgf@path@lastx=\dimen187
\pgf@path@lasty=\dimen188
)
("C:\Users\Claire\AppData\Local\Programs\MiKTeX 2.9\tex/generic/pgf/basiclayer\
pgfcorepathusage.code.tex"
File: pgfcorepathusage.code.tex 2020/01/08 v3.1.5b (3.1.5b)
\pgf@shorten@end@additional=\dimen189
\pgf@shorten@start@additional=\dimen190
)
("C:\Users\Claire\AppData\Local\Programs\MiKTeX 2.9\tex/generic/pgf/basiclayer\
pgfcorescopes.code.tex"
File: pgfcorescopes.code.tex 2020/01/08 v3.1.5b (3.1.5b)
\pgfpic=\box56
\pgf@hbox=\box57
\pgf@layerbox@main=\box58
\pgf@picture@serial@count=\count270
)
("C:\Users\Claire\AppData\Local\Programs\MiKTeX 2.9\tex/generic/pgf/basiclayer\
pgfcoregraphicstate.code.tex"
File: pgfcoregraphicstate.code.tex 2020/01/08 v3.1.5b (3.1.5b)
\pgflinewidth=\dimen191
)
("C:\Users\Claire\AppData\Local\Programs\MiKTeX 2.9\tex/generic/pgf/basiclayer\
pgfcoretransformations.code.tex"
File: pgfcoretransformations.code.tex 2020/01/08 v3.1.5b (3.1.5b)
\pgf@pt@x=\dimen192
\pgf@pt@y=\dimen193
\pgf@pt@temp=\dimen194
)
("C:\Users\Claire\AppData\Local\Programs\MiKTeX 2.9\tex/generic/pgf/basiclayer\
pgfcorequick.code.tex"
File: pgfcorequick.code.tex 2020/01/08 v3.1.5b (3.1.5b)
)
("C:\Users\Claire\AppData\Local\Programs\MiKTeX 2.9\tex/generic/pgf/basiclayer\
pgfcoreobjects.code.tex"
File: pgfcoreobjects.code.tex 2020/01/08 v3.1.5b (3.1.5b)
)
("C:\Users\Claire\AppData\Local\Programs\MiKTeX 2.9\tex/generic/pgf/basiclayer\
pgfcorepathprocessing.code.tex"
File: pgfcorepathprocessing.code.tex 2020/01/08 v3.1.5b (3.1.5b)
)
("C:\Users\Claire\AppData\Local\Programs\MiKTeX 2.9\tex/generic/pgf/basiclayer\
pgfcorearrows.code.tex"
File: pgfcorearrows.code.tex 2020/01/08 v3.1.5b (3.1.5b)
\pgfarrowsep=\dimen195
)
("C:\Users\Claire\AppData\Local\Programs\MiKTeX 2.9\tex/generic/pgf/basiclayer\
pgfcoreshade.code.tex"
File: pgfcoreshade.code.tex 2020/01/08 v3.1.5b (3.1.5b)
\pgf@max=\dimen196
\pgf@sys@shading@range@num=\count271
\pgf@shadingcount=\count272
)
("C:\Users\Claire\AppData\Local\Programs\MiKTeX 2.9\tex/generic/pgf/basiclayer\
pgfcoreimage.code.tex"
File: pgfcoreimage.code.tex 2020/01/08 v3.1.5b (3.1.5b)

("C:\Users\Claire\AppData\Local\Programs\MiKTeX 2.9\tex/generic/pgf/basiclayer\
pgfcoreexternal.code.tex"
File: pgfcoreexternal.code.tex 2020/01/08 v3.1.5b (3.1.5b)
\pgfexternal@startupbox=\box59
))
("C:\Users\Claire\AppData\Local\Programs\MiKTeX 2.9\tex/generic/pgf/basiclayer\
pgfcorelayers.code.tex"
File: pgfcorelayers.code.tex 2020/01/08 v3.1.5b (3.1.5b)
)
("C:\Users\Claire\AppData\Local\Programs\MiKTeX 2.9\tex/generic/pgf/basiclayer\
pgfcoretransparency.code.tex"
File: pgfcoretransparency.code.tex 2020/01/08 v3.1.5b (3.1.5b)
)
("C:\Users\Claire\AppData\Local\Programs\MiKTeX 2.9\tex/generic/pgf/basiclayer\
pgfcorepatterns.code.tex"
File: pgfcorepatterns.code.tex 2020/01/08 v3.1.5b (3.1.5b)
)
("C:\Users\Claire\AppData\Local\Programs\MiKTeX 2.9\tex/generic/pgf/basiclayer\
pgfcorerdf.code.tex"
File: pgfcorerdf.code.tex 2020/01/08 v3.1.5b (3.1.5b)
)))
("C:\Users\Claire\AppData\Local\Programs\MiKTeX 2.9\tex/latex/pgf/utilities\xxc
olor.sty"
Package: xxcolor 2003/10/24 ver 0.1
\XC@nummixins=\count273
\XC@countmixins=\count274
)
("C:\Users\Claire\AppData\Local\Programs\MiKTeX 2.9\tex/generic/atbegshi\atbegs
hi.sty"
Package: atbegshi 2019/12/05 v1.19 At begin shipout hook (HO)

("C:\Users\Claire\AppData\Local\Programs\MiKTeX 2.9\tex/generic/infwarerr\infwa
rerr.sty"
Package: infwarerr 2019/12/03 v1.5 Providing info/warning/error messages (HO)
)
("C:\Users\Claire\AppData\Local\Programs\MiKTeX 2.9\tex/generic/ltxcmds\ltxcmds
.sty"
Package: ltxcmds 2019/12/15 v1.24 LaTeX kernel commands for general use (HO)
))
("C:\Users\Claire\AppData\Local\Programs\MiKTeX 2.9\tex/latex/hyperref\hyperref
.sty"
Package: hyperref 2020/01/14 v7.00d Hypertext links for LaTeX

("C:\Users\Claire\AppData\Local\Programs\MiKTeX 2.9\tex/latex/pdftexcmds\pdftex
cmds.sty"
Package: pdftexcmds 2019/11/24 v0.31 Utility functions of pdfTeX for LuaTeX (HO
)
Package pdftexcmds Info: \pdf@primitive is available.
Package pdftexcmds Info: \pdf@ifprimitive is available.
Package pdftexcmds Info: \pdfdraftmode found.
)
("C:\Users\Claire\AppData\Local\Programs\MiKTeX 2.9\tex/generic/kvsetkeys\kvset
keys.sty"
Package: kvsetkeys 2019/12/15 v1.18 Key value parser (HO)
)
("C:\Users\Claire\AppData\Local\Programs\MiKTeX 2.9\tex/generic/kvdefinekeys\kv
definekeys.sty"
Package: kvdefinekeys 2019-12-19 v1.6 Define keys (HO)
)
("C:\Users\Claire\AppData\Local\Programs\MiKTeX 2.9\tex/generic/pdfescape\pdfes
cape.sty"
Package: pdfescape 2019/12/09 v1.15 Implements pdfTeX's escape features (HO)
)
("C:\Users\Claire\AppData\Local\Programs\MiKTeX 2.9\tex/latex/hycolor\hycolor.s
ty"
Package: hycolor 2020-01-27 v1.10 Color options for hyperref/bookmark (HO)
)
("C:\Users\Claire\AppData\Local\Programs\MiKTeX 2.9\tex/latex/letltxmacro\letlt
xmacro.sty"
Package: letltxmacro 2019/12/03 v1.6 Let assignment for LaTeX macros (HO)
)
("C:\Users\Claire\AppData\Local\Programs\MiKTeX 2.9\tex/latex/auxhook\auxhook.s
ty"
Package: auxhook 2019-12-17 v1.6 Hooks for auxiliary files (HO)
)
("C:\Users\Claire\AppData\Local\Programs\MiKTeX 2.9\tex/latex/kvoptions\kvoptio
ns.sty"
Package: kvoptions 2019/11/29 v3.13 Key value format for package options (HO)
)
\@linkdim=\dimen197
\Hy@linkcounter=\count275
\Hy@pagecounter=\count276

("C:\Users\Claire\AppData\Local\Programs\MiKTeX 2.9\tex/latex/hyperref\pd1enc.d
ef"
File: pd1enc.def 2020/01/14 v7.00d Hyperref: PDFDocEncoding definition (HO)
Now handling font encoding PD1 ...
... no UTF-8 mapping file for font encoding PD1
)
("C:\Users\Claire\AppData\Local\Programs\MiKTeX 2.9\tex/generic/intcalc\intcalc
.sty"
Package: intcalc 2019/12/15 v1.3 Expandable calculations with integers (HO)
)
("C:\Users\Claire\AppData\Local\Programs\MiKTeX 2.9\tex/generic/etexcmds\etexcm
ds.sty"
Package: etexcmds 2019/12/15 v1.7 Avoid name clashes with e-TeX commands (HO)
)
\Hy@SavedSpaceFactor=\count277
Package hyperref Info: Option `unicode' set `true' on input line 4421.

("C:\Users\Claire\AppData\Local\Programs\MiKTeX 2.9\tex/latex/hyperref\puenc.de
f"
File: puenc.def 2020/01/14 v7.00d Hyperref: PDF Unicode definition (HO)
Now handling font encoding PU ...
... no UTF-8 mapping file for font encoding PU
)
Package hyperref Info: Option `bookmarks' set `true' on input line 4421.
Package hyperref Info: Option `bookmarksopen' set `true' on input line 4421.
Package hyperref Info: Option `implicit' set `false' on input line 4421.
Package hyperref Info: Hyper figures OFF on input line 4547.
Package hyperref Info: Link nesting OFF on input line 4552.
Package hyperref Info: Hyper index ON on input line 4555.
Package hyperref Info: Plain pages OFF on input line 4562.
Package hyperref Info: Backreferencing OFF on input line 4567.
Package hyperref Info: Implicit mode OFF; no redefinition of LaTeX internals.
Package hyperref Info: Bookmarks ON on input line 4800.
\c@Hy@tempcnt=\count278
("C:\Users\Claire\AppData\Local\Programs\MiKTeX 2.9\tex/latex/url\url.sty"
\Urlmuskip=\muskip16
Package: url 2013/09/16  ver 3.4  Verb mode for urls, etc.
)
LaTeX Info: Redefining \url on input line 5159.
\XeTeXLinkMargin=\dimen198

("C:\Users\Claire\AppData\Local\Programs\MiKTeX 2.9\tex/generic/bitset\bitset.s
ty"
Package: bitset 2019/12/09 v1.3 Handle bit-vector datatype (HO)

("C:\Users\Claire\AppData\Local\Programs\MiKTeX 2.9\tex/generic/bigintcalc\bigi
ntcalc.sty"
Package: bigintcalc 2019/12/15 v1.5 Expandable calculations on big integers (HO
)
))
\Fld@menulength=\count279
\Field@Width=\dimen199
\Fld@charsize=\dimen256
Package hyperref Info: Hyper figures OFF on input line 6430.
Package hyperref Info: Link nesting OFF on input line 6435.
Package hyperref Info: Hyper index ON on input line 6438.
Package hyperref Info: backreferencing OFF on input line 6445.
Package hyperref Info: Link coloring OFF on input line 6450.
Package hyperref Info: Link coloring with OCG OFF on input line 6455.
Package hyperref Info: PDF/A mode OFF on input line 6460.
LaTeX Info: Redefining \ref on input line 6500.
LaTeX Info: Redefining \pageref on input line 6504.
\Hy@abspage=\count280

Package hyperref Message: Stopped early.

)
Package hyperref Info: Driver (autodetected): hpdftex.

("C:\Users\Claire\AppData\Local\Programs\MiKTeX 2.9\tex/latex/hyperref\hpdftex.
def"
File: hpdftex.def 2020/01/14 v7.00d Hyperref driver for pdfTeX

("C:\Users\Claire\AppData\Local\Programs\MiKTeX 2.9\tex/latex/atveryend\atverye
nd.sty"
Package: atveryend 2019-12-11 v1.11 Hooks at the very end of document (HO)
)
\Fld@listcount=\count281
\c@bookmark@seq@number=\count282

("C:\Users\Claire\AppData\Local\Programs\MiKTeX 2.9\tex/latex/rerunfilecheck\re
runfilecheck.sty"
Package: rerunfilecheck 2019/12/05 v1.9 Rerun checks for auxiliary files (HO)

("C:\Users\Claire\AppData\Local\Programs\MiKTeX 2.9\tex/generic/uniquecounter\u
niquecounter.sty"
Package: uniquecounter 2019/12/15 v1.4 Provide unlimited unique counter (HO)
)
Package uniquecounter Info: New unique counter `rerunfilecheck' on input line 2
86.
))
("C:\Users\Claire\AppData\Local\Programs\MiKTeX 2.9\tex/latex/beamer\beamerbase
requires.sty"
("C:\Users\Claire\AppData\Local\Programs\MiKTeX 2.9\tex/latex/beamer\beamerbase
compatibility.sty")
("C:\Users\Claire\AppData\Local\Programs\MiKTeX 2.9\tex/latex/beamer\beamerbase
font.sty"
("C:\Users\Claire\AppData\Local\Programs\MiKTeX 2.9\tex/latex/amsfonts\amssymb.
sty"
Package: amssymb 2013/01/14 v3.01 AMS font symbols

("C:\Users\Claire\AppData\Local\Programs\MiKTeX 2.9\tex/latex/amsfonts\amsfonts
.sty"
Package: amsfonts 2013/01/14 v3.01 Basic AMSFonts support
\@emptytoks=\toks26
\symAMSa=\mathgroup4
\symAMSb=\mathgroup5
LaTeX Font Info:    Redeclaring math symbol \hbar on input line 98.
LaTeX Font Info:    Overwriting math alphabet `\mathfrak' in version `bold'
(Font)                  U/euf/m/n --> U/euf/b/n on input line 106.
))
("C:\Users\Claire\AppData\Local\Programs\MiKTeX 2.9\tex/latex/sansmathaccent\sa
nsmathaccent.sty"
Package: sansmathaccent 2020/01/31

("C:\Users\Claire\AppData\Local\Programs\MiKTeX 2.9\tex/latex/koma-script\scrlf
ile.sty"
Package: scrlfile 2020/01/24 v3.29 KOMA-Script package (loading files)
)))
("C:\Users\Claire\AppData\Local\Programs\MiKTeX 2.9\tex/latex/beamer\beamerbase
translator.sty"
("C:\Users\Claire\AppData\Local\Programs\MiKTeX 2.9\tex/latex/translator\transl
ator.sty"
Package: translator 2019-05-31 v1.12a Easy translation of strings in LaTeX
))
("C:\Users\Claire\AppData\Local\Programs\MiKTeX 2.9\tex/latex/beamer\beamerbase
misc.sty")
("C:\Users\Claire\AppData\Local\Programs\MiKTeX 2.9\tex/latex/beamer\beamerbase
twoscreens.sty")
("C:\Users\Claire\AppData\Local\Programs\MiKTeX 2.9\tex/latex/beamer\beamerbase
overlay.sty"
\beamer@argscount=\count283
\beamer@lastskipcover=\skip50
\beamer@trivlistdepth=\count284
)
("C:\Users\Claire\AppData\Local\Programs\MiKTeX 2.9\tex/latex/beamer\beamerbase
title.sty")
("C:\Users\Claire\AppData\Local\Programs\MiKTeX 2.9\tex/latex/beamer\beamerbase
section.sty"
\c@lecture=\count285
\c@part=\count286
\c@section=\count287
\c@subsection=\count288
\c@subsubsection=\count289
)
("C:\Users\Claire\AppData\Local\Programs\MiKTeX 2.9\tex/latex/beamer\beamerbase
frame.sty"
\beamer@framebox=\box60
\beamer@frametitlebox=\box61
\beamer@zoombox=\box62
\beamer@zoomcount=\count290
\beamer@zoomframecount=\count291
\beamer@frametextheight=\dimen257
\c@subsectionslide=\count292
\beamer@frametopskip=\skip51
\beamer@framebottomskip=\skip52
\beamer@frametopskipautobreak=\skip53
\beamer@framebottomskipautobreak=\skip54
\beamer@envbody=\toks27
\framewidth=\dimen258
\c@framenumber=\count293
)
("C:\Users\Claire\AppData\Local\Programs\MiKTeX 2.9\tex/latex/beamer\beamerbase
verbatim.sty"
\beamer@verbatimfileout=\write4
)
("C:\Users\Claire\AppData\Local\Programs\MiKTeX 2.9\tex/latex/beamer\beamerbase
framesize.sty"
\beamer@splitbox=\box63
\beamer@autobreakcount=\count294
\beamer@autobreaklastheight=\dimen259
\beamer@frametitletoks=\toks28
\beamer@framesubtitletoks=\toks29
)
("C:\Users\Claire\AppData\Local\Programs\MiKTeX 2.9\tex/latex/beamer\beamerbase
framecomponents.sty"
\beamer@footins=\box64
)
("C:\Users\Claire\AppData\Local\Programs\MiKTeX 2.9\tex/latex/beamer\beamerbase
color.sty")
("C:\Users\Claire\AppData\Local\Programs\MiKTeX 2.9\tex/latex/beamer\beamerbase
notes.sty"
\beamer@frameboxcopy=\box65
)
("C:\Users\Claire\AppData\Local\Programs\MiKTeX 2.9\tex/latex/beamer\beamerbase
toc.sty")
("C:\Users\Claire\AppData\Local\Programs\MiKTeX 2.9\tex/latex/beamer\beamerbase
templates.sty"
\beamer@sbttoks=\toks30

("C:\Users\Claire\AppData\Local\Programs\MiKTeX 2.9\tex/latex/beamer\beamerbase
auxtemplates.sty"
("C:\Users\Claire\AppData\Local\Programs\MiKTeX 2.9\tex/latex/beamer\beamerbase
boxes.sty"
\bmb@box=\box66
\bmb@colorbox=\box67
\bmb@boxshadow=\box68
\bmb@boxshadowball=\box69
\bmb@boxshadowballlarge=\box70
\bmb@temp=\dimen260
\bmb@dima=\dimen261
\bmb@dimb=\dimen262
\bmb@prevheight=\dimen263
)
\beamer@blockheadheight=\dimen264
))
("C:\Users\Claire\AppData\Local\Programs\MiKTeX 2.9\tex/latex/beamer\beamerbase
localstructure.sty"
("C:\Users\Claire\AppData\Local\Programs\MiKTeX 2.9\tex/latex/tools\enumerate.s
ty"
Package: enumerate 2015/07/23 v3.00 enumerate extensions (DPC)
\@enLab=\toks31
)
\c@figure=\count295
\c@table=\count296
\abovecaptionskip=\skip55
\belowcaptionskip=\skip56
)
("C:\Users\Claire\AppData\Local\Programs\MiKTeX 2.9\tex/latex/beamer\beamerbase
navigation.sty"
\beamer@section@min@dim=\dimen265
)
("C:\Users\Claire\AppData\Local\Programs\MiKTeX 2.9\tex/latex/beamer\beamerbase
theorems.sty"
("C:\Users\Claire\AppData\Local\Programs\MiKTeX 2.9\tex/latex/amsmath\amsmath.s
ty"
Package: amsmath 2020/01/20 v2.17e AMS math features
\@mathmargin=\skip57
For additional information on amsmath, use the `?' option.

("C:\Users\Claire\AppData\Local\Programs\MiKTeX 2.9\tex/latex/amsmath\amstext.s
ty"
Package: amstext 2000/06/29 v2.01 AMS text

("C:\Users\Claire\AppData\Local\Programs\MiKTeX 2.9\tex/latex/amsmath\amsgen.st
y"
File: amsgen.sty 1999/11/30 v2.0 generic functions
\@emptytoks=\toks32
\ex@=\dimen266
))
("C:\Users\Claire\AppData\Local\Programs\MiKTeX 2.9\tex/latex/amsmath\amsbsy.st
y"
Package: amsbsy 1999/11/29 v1.2d Bold Symbols
\pmbraise@=\dimen267
)
("C:\Users\Claire\AppData\Local\Programs\MiKTeX 2.9\tex/latex/amsmath\amsopn.st
y"
Package: amsopn 2016/03/08 v2.02 operator names
)
\inf@bad=\count297
LaTeX Info: Redefining \frac on input line 227.
\uproot@=\count298
\leftroot@=\count299
LaTeX Info: Redefining \overline on input line 389.
\classnum@=\count300
\DOTSCASE@=\count301
LaTeX Info: Redefining \ldots on input line 486.
LaTeX Info: Redefining \dots on input line 489.
LaTeX Info: Redefining \cdots on input line 610.
\Mathstrutbox@=\box71
\strutbox@=\box72
\big@size=\dimen268
LaTeX Font Info:    Redeclaring font encoding OML on input line 733.
LaTeX Font Info:    Redeclaring font encoding OMS on input line 734.
\macc@depth=\count302
\c@MaxMatrixCols=\count303
\dotsspace@=\muskip17
\c@parentequation=\count304
\dspbrk@lvl=\count305
\tag@help=\toks33
\row@=\count306
\column@=\count307
\maxfields@=\count308
\andhelp@=\toks34
\eqnshift@=\dimen269
\alignsep@=\dimen270
\tagshift@=\dimen271
\tagwidth@=\dimen272
\totwidth@=\dimen273
\lineht@=\dimen274
\@envbody=\toks35
\multlinegap=\skip58
\multlinetaggap=\skip59
\mathdisplay@stack=\toks36
LaTeX Info: Redefining \[ on input line 2859.
LaTeX Info: Redefining \] on input line 2860.
) ("C:\Users\Claire\AppData\Local\Programs\MiKTeX 2.9\tex/latex/amscls\amsthm.s
ty"
Package: amsthm 2017/10/31 v2.20.4
\thm@style=\toks37
\thm@bodyfont=\toks38
\thm@headfont=\toks39
\thm@notefont=\toks40
\thm@headpunct=\toks41
\thm@preskip=\skip60
\thm@postskip=\skip61
\thm@headsep=\skip62
\dth@everypar=\toks42
)
\c@theorem=\count309
)
("C:\Users\Claire\AppData\Local\Programs\MiKTeX 2.9\tex/latex/beamer\beamerbase
themes.sty"))
("C:\Users\Claire\AppData\Local\Programs\MiKTeX 2.9\tex/latex/beamer\beamerthem
edefault.sty"
("C:\Users\Claire\AppData\Local\Programs\MiKTeX 2.9\tex/latex/beamer\beamerfont
themedefault.sty")
("C:\Users\Claire\AppData\Local\Programs\MiKTeX 2.9\tex/latex/beamer\beamercolo
rthemedefault.sty")
("C:\Users\Claire\AppData\Local\Programs\MiKTeX 2.9\tex/latex/beamer\beamerinne
rthemedefault.sty"
\beamer@dima=\dimen275
\beamer@dimb=\dimen276
)
("C:\Users\Claire\AppData\Local\Programs\MiKTeX 2.9\tex/latex/beamer\beameroute
rthemedefault.sty")))
("C:\Users\Claire\AppData\Local\Programs\MiKTeX 2.9\tex/latex/pgf/utilities\pgf
pages.sty"
Package: pgfpages 2011/01/05 ver 0.02
("C:\Users\Claire\AppData\Local\Programs\MiKTeX 2.9\tex/latex/tools\calc.sty"
Package: calc 2017/05/25 v4.3 Infix arithmetic (KKT,FJ)
\calc@Acount=\count310
\calc@Bcount=\count311
\calc@Adimen=\dimen277
\calc@Bdimen=\dimen278
\calc@Askip=\skip63
\calc@Bskip=\skip64
LaTeX Info: Redefining \setlength on input line 80.
LaTeX Info: Redefining \addtolength on input line 81.
\calc@Ccount=\count312
\calc@Cskip=\skip65
)
\pgf@logicalpages=\count313
\pgf@firstshipout=\count314
\pgf@lastshipout=\count315
\pgf@currentshipout=\count316
\pgf@cpn=\count317
\pgf@shipoutnextto=\count318
\pgfphysicalheight=\dimen279
\pgfphysicalwidth=\dimen280
\pgfpages@shipoutbox=\box73
) ("C:\Users\Claire\AppData\Local\Programs\MiKTeX 2.9\tex/latex/lm\lmodern.sty"
Package: lmodern 2009/10/30 v1.6 Latin Modern Fonts
LaTeX Font Info:    Overwriting symbol font `operators' in version `normal'
(Font)                  OT1/cmr/m/n --> OT1/lmr/m/n on input line 22.
LaTeX Font Info:    Overwriting symbol font `letters' in version `normal'
(Font)                  OML/cmm/m/it --> OML/lmm/m/it on input line 23.
LaTeX Font Info:    Overwriting symbol font `symbols' in version `normal'
(Font)                  OMS/cmsy/m/n --> OMS/lmsy/m/n on input line 24.
LaTeX Font Info:    Overwriting symbol font `largesymbols' in version `normal'
(Font)                  OMX/cmex/m/n --> OMX/lmex/m/n on input line 25.
LaTeX Font Info:    Overwriting symbol font `operators' in version `bold'
(Font)                  OT1/cmr/bx/n --> OT1/lmr/bx/n on input line 26.
LaTeX Font Info:    Overwriting symbol font `letters' in version `bold'
(Font)                  OML/cmm/b/it --> OML/lmm/b/it on input line 27.
LaTeX Font Info:    Overwriting symbol font `symbols' in version `bold'
(Font)                  OMS/cmsy/b/n --> OMS/lmsy/b/n on input line 28.
LaTeX Font Info:    Overwriting symbol font `largesymbols' in version `bold'
(Font)                  OMX/cmex/m/n --> OMX/lmex/m/n on input line 29.
LaTeX Font Info:    Overwriting math alphabet `\mathbf' in version `normal'
(Font)                  OT1/cmr/bx/n --> OT1/lmr/bx/n on input line 31.
LaTeX Font Info:    Overwriting math alphabet `\mathsf' in version `normal'
(Font)                  OT1/cmss/m/n --> OT1/lmss/m/n on input line 32.
LaTeX Font Info:    Overwriting math alphabet `\mathit' in version `normal'
(Font)                  OT1/cmr/m/it --> OT1/lmr/m/it on input line 33.
LaTeX Font Info:    Overwriting math alphabet `\mathtt' in version `normal'
(Font)                  OT1/cmtt/m/n --> OT1/lmtt/m/n on input line 34.
LaTeX Font Info:    Overwriting math alphabet `\mathbf' in version `bold'
(Font)                  OT1/cmr/bx/n --> OT1/lmr/bx/n on input line 35.
LaTeX Font Info:    Overwriting math alphabet `\mathsf' in version `bold'
(Font)                  OT1/cmss/bx/n --> OT1/lmss/bx/n on input line 36.
LaTeX Font Info:    Overwriting math alphabet `\mathit' in version `bold'
(Font)                  OT1/cmr/bx/it --> OT1/lmr/bx/it on input line 37.
LaTeX Font Info:    Overwriting math alphabet `\mathtt' in version `bold'
(Font)                  OT1/cmtt/m/n --> OT1/lmtt/m/n on input line 38.
)
("C:\Users\Claire\AppData\Local\Programs\MiKTeX 2.9\tex/generic/iftex\ifxetex.s
ty"
Package: ifxetex 2019/10/25 v0.7 ifxetex legacy package. Use iftex instead.
)
("C:\Users\Claire\AppData\Local\Programs\MiKTeX 2.9\tex/generic/iftex\ifluatex.
sty"
Package: ifluatex 2019/10/25 v1.5 ifluatex legacy package. Use iftex instead.
) ("C:\Users\Claire\AppData\Local\Programs\MiKTeX 2.9\tex/latex/base\fontenc.st
y"
Package: fontenc 2020/01/25 v2.0m Standard LaTeX package
LaTeX Font Info:    Trying to load font information for T1+lmss on input line 1
12.
("C:\Users\Claire\AppData\Local\Programs\MiKTeX 2.9\tex/latex/lm\t1lmss.fd"
File: t1lmss.fd 2009/10/30 v1.6 Font defs for Latin Modern
)) ("C:\Users\Claire\AppData\Local\Programs\MiKTeX 2.9\tex/latex/base\inputenc.
sty"
Package: inputenc 2018/08/11 v1.3c Input encoding file
\inpenc@prehook=\toks43
\inpenc@posthook=\toks44
) ("C:\Users\Claire\AppData\Local\Programs\MiKTeX 2.9\tex/latex/base\textcomp.s
ty"
Package: textcomp 2020/02/02 v2.0m Standard LaTeX package
)
("C:\Users\Claire\AppData\Local\Programs\MiKTeX 2.9\tex/latex/upquote\upquote.s
ty"
Package: upquote 2012/04/19 v1.3 upright-quote and grave-accent glyphs in verba
tim
)
("C:\Users\Claire\AppData\Local\Programs\MiKTeX 2.9\tex/latex/microtype\microty
pe.sty"
Package: microtype 2019/11/18 v2.7d Micro-typographical refinements (RS)
\MT@toks=\toks45
\MT@count=\count319
LaTeX Info: Redefining \textls on input line 790.
\MT@outer@kern=\dimen281
LaTeX Info: Redefining \textmicrotypecontext on input line 1354.
\MT@listname@count=\count320

("C:\Users\Claire\AppData\Local\Programs\MiKTeX 2.9\tex/latex/microtype\microty
pe-pdftex.def"
File: microtype-pdftex.def 2019/11/18 v2.7d Definitions specific to pdftex (RS)

LaTeX Info: Redefining \lsstyle on input line 914.
LaTeX Info: Redefining \lslig on input line 914.
\MT@outer@space=\skip66
)
Package microtype Info: Loading configuration file microtype.cfg.

("C:\Users\Claire\AppData\Local\Programs\MiKTeX 2.9\tex/latex/microtype\microty
pe.cfg"
File: microtype.cfg 2019/11/18 v2.7d microtype main configuration file (RS)
))
("C:\Users\Claire\AppData\Local\Programs\MiKTeX 2.9\tex/latex/parskip\parskip.s
ty"
Package: parskip 2020-01-22 v2.0d non-zero parskip adjustments
) ("C:\Users\Claire\AppData\Local\Programs\MiKTeX 2.9\tex/latex/xurl\xurl.sty"
Package: xurl 2020/01/24 v 0.09 modify URL breaks
)
("C:\Users\Claire\AppData\Local\Programs\MiKTeX 2.9\tex/latex/bookmark\bookmark
.sty"
Package: bookmark 2019/12/03 v1.28 PDF bookmarks (HO)

("C:\Users\Claire\AppData\Local\Programs\MiKTeX 2.9\tex/latex/bookmark\bkm-pdft
ex.def"
File: bkm-pdftex.def 2019/12/03 v1.28 bookmark driver for pdfTeX (HO)
\BKM@id=\count321
))
("C:\Users\Claire\AppData\Local\Programs\MiKTeX 2.9\tex/latex/fancyvrb\fancyvrb
.sty"
Package: fancyvrb 2020/05/03 v3.6 verbatim text (tvz,hv)
\FV@CodeLineNo=\count322
\FV@InFile=\read3
\FV@TabBox=\box74
\c@FancyVerbLine=\count323
\FV@StepNumber=\count324
\FV@OutFile=\write5
) ("C:\Users\Claire\AppData\Local\Programs\MiKTeX 2.9\tex/latex/framed\framed.s
ty"
Package: framed 2011/10/22 v 0.96: framed or shaded text with page breaks
\OuterFrameSep=\skip67
\fb@frw=\dimen282
\fb@frh=\dimen283
\FrameRule=\dimen284
\FrameSep=\dimen285
) ("C:\Users\Claire\AppData\Local\Programs\MiKTeX 2.9\tex/latex/bbm\bbm.sty"
Package: bbm 1999/03/15 V 1.2 provides fonts for set symbols - TH
LaTeX Font Info:    Overwriting math alphabet `\mathbbm' in version `bold'
(Font)                  U/bbm/m/n --> U/bbm/bx/n on input line 33.
LaTeX Font Info:    Overwriting math alphabet `\mathbbmss' in version `bold'
(Font)                  U/bbmss/m/n --> U/bbmss/bx/n on input line 35.
)
("C:\Users\Claire\AppData\Local\Programs\MiKTeX 2.9\tex/latex/l3backend\l3backe
nd-pdfmode.def"
File: l3backend-pdfmode.def 2020-02-03 L3 backend support: PDF mode
\l__kernel_color_stack_int=\count325
\l__pdf_internal_box=\box75
) (Slides_RD_reorganized.aux

LaTeX Warning: Label `' multiply defined.

)
\openout1 = `Slides_RD_reorganized.aux'.

LaTeX Font Info:    Checking defaults for OML/cmm/m/it on input line 148.
LaTeX Font Info:    ... okay on input line 148.
LaTeX Font Info:    Checking defaults for OMS/cmsy/m/n on input line 148.
LaTeX Font Info:    ... okay on input line 148.
LaTeX Font Info:    Checking defaults for OT1/cmr/m/n on input line 148.
LaTeX Font Info:    ... okay on input line 148.
LaTeX Font Info:    Checking defaults for T1/cmr/m/n on input line 148.
LaTeX Font Info:    ... okay on input line 148.
LaTeX Font Info:    Checking defaults for TS1/cmr/m/n on input line 148.
LaTeX Font Info:    ... okay on input line 148.
LaTeX Font Info:    Checking defaults for OMX/cmex/m/n on input line 148.
LaTeX Font Info:    ... okay on input line 148.
LaTeX Font Info:    Checking defaults for U/cmr/m/n on input line 148.
LaTeX Font Info:    ... okay on input line 148.
LaTeX Font Info:    Checking defaults for PD1/pdf/m/n on input line 148.
LaTeX Font Info:    ... okay on input line 148.
LaTeX Font Info:    Checking defaults for PU/pdf/m/n on input line 148.
LaTeX Font Info:    ... okay on input line 148.
*geometry* driver: auto-detecting
*geometry* detected driver: pdftex
*geometry* verbose mode - [ preamble ] result:
* driver: pdftex
* paper: custom
* layout: <same size as paper>
* layoutoffset:(h,v)=(0.0pt,0.0pt)
* modes: includehead includefoot 
* h-part:(L,W,R)=(28.45274pt, 307.28987pt, 28.45274pt)
* v-part:(T,H,B)=(0.0pt, 273.14662pt, 0.0pt)
* \paperwidth=364.19536pt
* \paperheight=273.14662pt
* \textwidth=307.28987pt
* \textheight=244.6939pt
* \oddsidemargin=-43.81725pt
* \evensidemargin=-43.81725pt
* \topmargin=-72.26999pt
* \headheight=14.22636pt
* \headsep=0.0pt
* \topskip=11.0pt
* \footskip=14.22636pt
* \marginparwidth=4.0pt
* \marginparsep=10.0pt
* \columnsep=10.0pt
* \skip\footins=10.0pt plus 4.0pt minus 2.0pt
* \hoffset=0.0pt
* \voffset=0.0pt
* \mag=1000
* \@twocolumnfalse
* \@twosidefalse
* \@mparswitchfalse
* \@reversemarginfalse
* (1in=72.27pt=25.4mm, 1cm=28.453pt)


("C:\Users\Claire\AppData\Local\Programs\MiKTeX 2.9\tex/context/base/mkii\supp-
pdf.mkii"
[Loading MPS to PDF converter (version 2006.09.02).]
\scratchcounter=\count326
\scratchdimen=\dimen286
\scratchbox=\box76
\nofMPsegments=\count327
\nofMParguments=\count328
\everyMPshowfont=\toks46
\MPscratchCnt=\count329
\MPscratchDim=\dimen287
\MPnumerator=\count330
\makeMPintoPDFobject=\count331
\everyMPtoPDFconversion=\toks47
)
("C:\Users\Claire\AppData\Local\Programs\MiKTeX 2.9\tex/latex/epstopdf-pkg\epst
opdf-base.sty"
Package: epstopdf-base 2020-01-24 v2.11 Base part for package epstopdf
Package epstopdf-base Info: Redefining graphics rule for `.eps' on input line 4
85.
) ABD: EveryShipout initializing macros
\AtBeginShipoutBox=\box77
Package hyperref Info: Link coloring OFF on input line 148.

("C:\Users\Claire\AppData\Local\Programs\MiKTeX 2.9\tex/latex/hyperref\nameref.
sty"
Package: nameref 2019/09/16 v2.46 Cross-referencing by name of section

("C:\Users\Claire\AppData\Local\Programs\MiKTeX 2.9\tex/latex/refcount\refcount
.sty"
Package: refcount 2019/12/15 v3.6 Data extraction from label references (HO)
)
("C:\Users\Claire\AppData\Local\Programs\MiKTeX 2.9\tex/generic/gettitlestring\
gettitlestring.sty"
Package: gettitlestring 2019/12/15 v1.6 Cleanup title references (HO)
)
\c@section@level=\count332
)
LaTeX Info: Redefining \ref on input line 148.
LaTeX Info: Redefining \pageref on input line 148.
LaTeX Info: Redefining \nameref on input line 148.
LaTeX Font Info:    Overwriting symbol font `operators' in version `normal'
(Font)                  OT1/lmr/m/n --> OT1/cmss/m/n on input line 148.
LaTeX Font Info:    Overwriting symbol font `operators' in version `bold'
(Font)                  OT1/lmr/bx/n --> OT1/cmss/b/n on input line 148.
LaTeX Font Info:    Overwriting symbol font `operators' in version `normal'
(Font)                  OT1/cmss/m/n --> OT1/lmss/m/n on input line 148.
LaTeX Font Info:    Overwriting symbol font `operators' in version `bold'
(Font)                  OT1/cmss/b/n --> OT1/lmss/b/n on input line 148.
\symnumbers=\mathgroup6
\sympureletters=\mathgroup7
LaTeX Font Info:    Overwriting math alphabet `\mathrm' in version `normal'
(Font)                  OT1/lmss/m/n --> T1/lmr/m/n on input line 148.
LaTeX Font Info:    Redeclaring math alphabet \mathbf on input line 148.
LaTeX Font Info:    Overwriting math alphabet `\mathbf' in version `normal'
(Font)                  OT1/lmr/bx/n --> T1/lmss/b/n on input line 148.
LaTeX Font Info:    Overwriting math alphabet `\mathbf' in version `bold'
(Font)                  OT1/lmr/bx/n --> T1/lmss/b/n on input line 148.
LaTeX Font Info:    Redeclaring math alphabet \mathsf on input line 148.
LaTeX Font Info:    Overwriting math alphabet `\mathsf' in version `normal'
(Font)                  OT1/lmss/m/n --> T1/lmss/m/n on input line 148.
LaTeX Font Info:    Overwriting math alphabet `\mathsf' in version `bold'
(Font)                  OT1/lmss/bx/n --> T1/lmss/m/n on input line 148.
LaTeX Font Info:    Redeclaring math alphabet \mathit on input line 148.
LaTeX Font Info:    Overwriting math alphabet `\mathit' in version `normal'
(Font)                  OT1/lmr/m/it --> T1/lmss/m/it on input line 148.
LaTeX Font Info:    Overwriting math alphabet `\mathit' in version `bold'
(Font)                  OT1/lmr/bx/it --> T1/lmss/m/it on input line 148.
LaTeX Font Info:    Redeclaring math alphabet \mathtt on input line 148.
LaTeX Font Info:    Overwriting math alphabet `\mathtt' in version `normal'
(Font)                  OT1/lmtt/m/n --> T1/lmtt/m/n on input line 148.
LaTeX Font Info:    Overwriting math alphabet `\mathtt' in version `bold'
(Font)                  OT1/lmtt/m/n --> T1/lmtt/m/n on input line 148.
LaTeX Font Info:    Overwriting symbol font `numbers' in version `bold'
(Font)                  T1/lmss/m/n --> T1/lmss/b/n on input line 148.
LaTeX Font Info:    Overwriting symbol font `pureletters' in version `bold'
(Font)                  T1/lmss/m/it --> T1/lmss/b/it on input line 148.
LaTeX Font Info:    Overwriting math alphabet `\mathrm' in version `bold'
(Font)                  OT1/lmss/b/n --> T1/lmr/b/n on input line 148.
LaTeX Font Info:    Overwriting math alphabet `\mathbf' in version `bold'
(Font)                  T1/lmss/b/n --> T1/lmss/b/n on input line 148.
LaTeX Font Info:    Overwriting math alphabet `\mathsf' in version `bold'
(Font)                  T1/lmss/m/n --> T1/lmss/b/n on input line 148.
LaTeX Font Info:    Overwriting math alphabet `\mathit' in version `bold'
(Font)                  T1/lmss/m/it --> T1/lmss/b/it on input line 148.
LaTeX Font Info:    Overwriting math alphabet `\mathtt' in version `bold'
(Font)                  T1/lmtt/m/n --> T1/lmtt/b/n on input line 148.

("C:\Users\Claire\AppData\Local\Programs\MiKTeX 2.9\tex/latex/translator\transl
ator-basic-dictionary-English.dict"
Dictionary: translator-basic-dictionary, Language: English 
)
("C:\Users\Claire\AppData\Local\Programs\MiKTeX 2.9\tex/latex/translator\transl
ator-bibliography-dictionary-English.dict"
Dictionary: translator-bibliography-dictionary, Language: English 
)
("C:\Users\Claire\AppData\Local\Programs\MiKTeX 2.9\tex/latex/translator\transl
ator-environment-dictionary-English.dict"
Dictionary: translator-environment-dictionary, Language: English 
)
("C:\Users\Claire\AppData\Local\Programs\MiKTeX 2.9\tex/latex/translator\transl
ator-months-dictionary-English.dict"
Dictionary: translator-months-dictionary, Language: English 
)
("C:\Users\Claire\AppData\Local\Programs\MiKTeX 2.9\tex/latex/translator\transl
ator-numbers-dictionary-English.dict"
Dictionary: translator-numbers-dictionary, Language: English 
)
("C:\Users\Claire\AppData\Local\Programs\MiKTeX 2.9\tex/latex/translator\transl
ator-theorem-dictionary-English.dict"
Dictionary: translator-theorem-dictionary, Language: English 
)
LaTeX Info: Redefining \microtypecontext on input line 148.
Package microtype Info: Generating PDF output.
Package microtype Info: Character protrusion enabled (level 2).
Package microtype Info: Using protrusion set `basicmath'.
Package microtype Info: Automatic font expansion enabled (level 2),
(microtype)             stretch: 20, shrink: 20, step: 1, non-selected.
Package microtype Info: Using default expansion set `basictext'.
LaTeX Info: Redefining \showhyphens on input line 148.
Package microtype Info: No adjustment of tracking.
Package microtype Info: No adjustment of interword spacing.
Package microtype Info: No adjustment of character kerning.
Package microtype Info: Loading generic protrusion settings for font family
(microtype)             `lmss' (encoding: T1).
(microtype)             For optimal results, create family-specific settings.
(microtype)             See the microtype manual for details.
(Slides_RD_reorganized.nav) [1

{C:/Users/Claire/AppData/Local/MiKTeX/2.9/pdftex/config/pdftex.map}]
LaTeX Font Info:    Trying to load font information for OT1+lmss on input line 
166.
("C:\Users\Claire\AppData\Local\Programs\MiKTeX 2.9\tex/latex/lm\ot1lmss.fd"
File: ot1lmss.fd 2009/10/30 v1.6 Font defs for Latin Modern
)
Package microtype Info: Loading generic protrusion settings for font family
(microtype)             `lmss' (encoding: OT1).
(microtype)             For optimal results, create family-specific settings.
(microtype)             See the microtype manual for details.
LaTeX Font Info:    Trying to load font information for OML+lmm on input line 1
66.
("C:\Users\Claire\AppData\Local\Programs\MiKTeX 2.9\tex/latex/lm\omllmm.fd"
File: omllmm.fd 2009/10/30 v1.6 Font defs for Latin Modern
)
LaTeX Font Info:    Trying to load font information for OMS+lmsy on input line 
166.
("C:\Users\Claire\AppData\Local\Programs\MiKTeX 2.9\tex/latex/lm\omslmsy.fd"
File: omslmsy.fd 2009/10/30 v1.6 Font defs for Latin Modern
)
LaTeX Font Info:    Trying to load font information for OMX+lmex on input line 
166.
("C:\Users\Claire\AppData\Local\Programs\MiKTeX 2.9\tex/latex/lm\omxlmex.fd"
File: omxlmex.fd 2009/10/30 v1.6 Font defs for Latin Modern
)
LaTeX Font Info:    External font `lmex10' loaded for size
(Font)              <10.95> on input line 166.
LaTeX Font Info:    External font `lmex10' loaded for size
(Font)              <8> on input line 166.
LaTeX Font Info:    External font `lmex10' loaded for size
(Font)              <6> on input line 166.
LaTeX Font Info:    Trying to load font information for U+msa on input line 166
.
("C:\Users\Claire\AppData\Local\Programs\MiKTeX 2.9\tex/latex/amsfonts\umsa.fd"
File: umsa.fd 2013/01/14 v3.01 AMS symbols A
)
("C:\Users\Claire\AppData\Local\Programs\MiKTeX 2.9\tex/latex/microtype\mt-msa.
cfg"
File: mt-msa.cfg 2006/02/04 v1.1 microtype config. file: AMS symbols (a) (RS)
)
LaTeX Font Info:    Trying to load font information for U+msb on input line 166
.
("C:\Users\Claire\AppData\Local\Programs\MiKTeX 2.9\tex/latex/amsfonts\umsb.fd"
File: umsb.fd 2013/01/14 v3.01 AMS symbols B
)
("C:\Users\Claire\AppData\Local\Programs\MiKTeX 2.9\tex/latex/microtype\mt-msb.
cfg"
File: mt-msb.cfg 2005/06/01 v1.0 microtype config. file: AMS symbols (b) (RS)
)
LaTeX Font Info:    Font shape `T1/lmss/m/it' in size <10.95> not available
(Font)              Font shape `T1/lmss/m/sl' tried instead on input line 166.
LaTeX Font Info:    Font shape `T1/lmss/m/it' in size <8> not available
(Font)              Font shape `T1/lmss/m/sl' tried instead on input line 166.
LaTeX Font Info:    Font shape `T1/lmss/m/it' in size <6> not available
(Font)              Font shape `T1/lmss/m/sl' tried instead on input line 166.
[2

] [3

] [4

]
<images/sharpRD.png, id=43, 482.40225pt x 310.761pt>
File: images/sharpRD.png Graphic file (type png)
<use images/sharpRD.png>
Package pdftex.def Info: images/sharpRD.png  used on input line 195.
(pdftex.def)             Requested size: 307.30101pt x 197.9617pt.
[5

 <./images/sharpRD.png>] [6

] [7

] [8

] [9

] [10

]
<images/sharpRD2.png, id=84, 358.33875pt x 372.79276pt>
File: images/sharpRD2.png Graphic file (type png)
<use images/sharpRD2.png>
Package pdftex.def Info: images/sharpRD2.png  used on input line 268.
(pdftex.def)             Requested size: 230.47331pt x 239.76971pt.
[11

 <./images/sharpRD2.png>]
LaTeX Font Info:    External font `lmex10' loaded for size
(Font)              <10> on input line 305.
LaTeX Font Info:    External font `lmex10' loaded for size
(Font)              <7> on input line 305.
LaTeX Font Info:    External font `lmex10' loaded for size
(Font)              <5> on input line 305.
LaTeX Font Info:    Font shape `T1/lmss/m/it' in size <10> not available
(Font)              Font shape `T1/lmss/m/sl' tried instead on input line 305.
LaTeX Font Info:    Font shape `T1/lmss/m/it' in size <7> not available
(Font)              Font shape `T1/lmss/m/sl' tried instead on input line 305.
LaTeX Font Info:    Font shape `T1/lmss/m/it' in size <5> not available
(Font)              Font shape `T1/lmss/m/sl' tried instead on input line 305.
[12

] [13

] [14

] [15

]
LaTeX Font Info:    Trying to load font information for U+bbm on input line 384
.
("C:\Users\Claire\AppData\Local\Programs\MiKTeX 2.9\tex/latex/bbm\ubbm.fd"
File: ubbm.fd 1999/03/15 V 1.2 Font definition for bbm font - TH
) [16

] [17

] [18

] [19

] [20

] [21

] [22

] [23

] [24

]
<images/rdlinear.png, id=177, 696.3586pt x 353.24495pt>
File: images/rdlinear.png Graphic file (type png)
<use images/rdlinear.png>
Package pdftex.def Info: images/rdlinear.png  used on input line 518.
(pdftex.def)             Requested size: 230.46846pt x 116.91075pt.
[25

 <./images/rdlinear.png>]
<images/RDnonlin.png, id=186, 740.7675pt x 408.77719pt>
File: images/RDnonlin.png Graphic file (type png)
<use images/RDnonlin.png>
Package pdftex.def Info: images/RDnonlin.png  used on input line 527.
(pdftex.def)             Requested size: 230.46068pt x 127.17494pt.
[26

 <./images/RDnonlin.png>]
<images/RDnonlinlin.png, id=194, 740.7675pt x 408.77719pt>
File: images/RDnonlinlin.png Graphic file (type png)
<use images/RDnonlinlin.png>
Package pdftex.def Info: images/RDnonlinlin.png  used on input line 539.
(pdftex.def)             Requested size: 230.46068pt x 127.17494pt.
[27

 <./images/RDnonlinlin.png>]
<images/RDmistake.png, id=202, 750.55406pt x 388.45125pt>
File: images/RDmistake.png Graphic file (type png)
<use images/RDmistake.png>
Package pdftex.def Info: images/RDmistake.png  used on input line 549.
(pdftex.def)             Requested size: 230.45901pt x 119.27467pt.
[28

 <./images/RDmistake.png>] [29

] [30

] [31

] [32

] [33

] [34

]
File: images/sharpRD.png Graphic file (type png)
<use images/sharpRD.png>
Package pdftex.def Info: images/sharpRD.png  used on input line 628.
(pdftex.def)             Requested size: 307.30101pt x 197.9617pt.
[35

]
LaTeX Font Info:    External font `lmex10' loaded for size
(Font)              <9> on input line 649.
LaTeX Font Info:    Font shape `T1/lmss/m/it' in size <9> not available
(Font)              Font shape `T1/lmss/m/sl' tried instead on input line 649.
[36

] [37

]
File: images/sharpRD2.png Graphic file (type png)
<use images/sharpRD2.png>
Package pdftex.def Info: images/sharpRD2.png  used on input line 668.
(pdftex.def)             Requested size: 230.47331pt x 239.76971pt.
[38

] [39

]
\openout4 = `Slides_RD_reorganized.vrb'.

(Slides_RD_reorganized.vrb
LaTeX Font Info:    Trying to load font information for T1+lmtt on input line 6
.
("C:\Users\Claire\AppData\Local\Programs\MiKTeX 2.9\tex/latex/lm\t1lmtt.fd"
File: t1lmtt.fd 2009/10/30 v1.6 Font defs for Latin Modern
)
LaTeX Font Info:    Font shape `T1/lmtt/bx/n' in size <10> not available
(Font)              Font shape `T1/lmtt/b/n' tried instead on input line 7.
) [40

]
\openout4 = `Slides_RD_reorganized.vrb'.

(Slides_RD_reorganized.vrb) [41

] [42

]
\openout4 = `Slides_RD_reorganized.vrb'.

(Slides_RD_reorganized.vrb
LaTeX Font Info:    Font shape `T1/lmtt/bx/n' in size <6> not available
(Font)              Font shape `T1/lmtt/b/n' tried instead on input line 8.
LaTeX Font Info:    Trying to load font information for TS1+lmtt on input line 
34.
("C:\Users\Claire\AppData\Local\Programs\MiKTeX 2.9\tex/latex/lm\ts1lmtt.fd"
File: ts1lmtt.fd 2009/10/30 v1.6 Font defs for Latin Modern
)) [43

]
\openout4 = `Slides_RD_reorganized.vrb'.

(Slides_RD_reorganized.vrb
<Slides_RD_reorganized_files/figure-beamer/sharp2b-1.pdf, id=315, 650.43pt x 36
1.35pt>
File: Slides_RD_reorganized_files/figure-beamer/sharp2b-1.pdf Graphic file (typ
e pdf)
<use Slides_RD_reorganized_files/figure-beamer/sharp2b-1.pdf>
Package pdftex.def Info: Slides_RD_reorganized_files/figure-beamer/sharp2b-1.pd
f  used on input line 9.
(pdftex.def)             Requested size: 307.30002pt x 170.72223pt.
) [44

 <./Slides_RD_reorganized_files/figure-beamer/sharp2b-1.pdf>]
\openout4 = `Slides_RD_reorganized.vrb'.

(Slides_RD_reorganized.vrb) [45

]
<Slides_RD_reorganized_files/figure-beamer/sharp3b-1.pdf, id=333, 650.43pt x 36
1.35pt>
File: Slides_RD_reorganized_files/figure-beamer/sharp3b-1.pdf Graphic file (typ
e pdf)
<use Slides_RD_reorganized_files/figure-beamer/sharp3b-1.pdf>
Package pdftex.def Info: Slides_RD_reorganized_files/figure-beamer/sharp3b-1.pd
f  used on input line 820.
(pdftex.def)             Requested size: 307.30002pt x 170.72223pt.
[46

 <./Slides_RD_reorganized_files/figure-beamer/sharp3b-1.pdf>]
\openout4 = `Slides_RD_reorganized.vrb'.

(Slides_RD_reorganized.vrb) [47

]
\openout4 = `Slides_RD_reorganized.vrb'.

(Slides_RD_reorganized.vrb
<Slides_RD_reorganized_files/figure-beamer/sharp4d-1.pdf, id=351, 650.43pt x 36
1.35pt>
File: Slides_RD_reorganized_files/figure-beamer/sharp4d-1.pdf Graphic file (typ
e pdf)
<use Slides_RD_reorganized_files/figure-beamer/sharp4d-1.pdf>
Package pdftex.def Info: Slides_RD_reorganized_files/figure-beamer/sharp4d-1.pd
f  used on input line 9.
(pdftex.def)             Requested size: 307.30002pt x 170.72223pt.
) [48

 <./Slides_RD_reorganized_files/figure-beamer/sharp4d-1.pdf>]
\openout4 = `Slides_RD_reorganized.vrb'.

(Slides_RD_reorganized.vrb
<Slides_RD_reorganized_files/figure-beamer/sharp4b-1.pdf, id=363, 650.43pt x 36
1.35pt>
File: Slides_RD_reorganized_files/figure-beamer/sharp4b-1.pdf Graphic file (typ
e pdf)
<use Slides_RD_reorganized_files/figure-beamer/sharp4b-1.pdf>
Package pdftex.def Info: Slides_RD_reorganized_files/figure-beamer/sharp4b-1.pd
f  used on input line 14.
(pdftex.def)             Requested size: 307.30002pt x 170.72223pt.
) [49

 <./Slides_RD_reorganized_files/figure-beamer/sharp4b-1.pdf>]
\openout4 = `Slides_RD_reorganized.vrb'.

(Slides_RD_reorganized.vrb) [50

]
\openout4 = `Slides_RD_reorganized.vrb'.

(Slides_RD_reorganized.vrb
<Slides_RD_reorganized_files/figure-beamer/sharp5a-1.pdf, id=382, 650.43pt x 36
1.35pt>
File: Slides_RD_reorganized_files/figure-beamer/sharp5a-1.pdf Graphic file (typ
e pdf)
<use Slides_RD_reorganized_files/figure-beamer/sharp5a-1.pdf>
Package pdftex.def Info: Slides_RD_reorganized_files/figure-beamer/sharp5a-1.pd
f  used on input line 9.
(pdftex.def)             Requested size: 307.30002pt x 170.72223pt.
) [51

 <./Slides_RD_reorganized_files/figure-beamer/sharp5a-1.pdf>] [52

]
\openout4 = `Slides_RD_reorganized.vrb'.

(Slides_RD_reorganized.vrb

Package hyperref Warning: Ignoring empty anchor on input line 16.

) [53

]
<Slides_RD_reorganized_files/figure-beamer/stylea-1.pdf, id=408, 650.43pt x 361
.35pt>
File: Slides_RD_reorganized_files/figure-beamer/stylea-1.pdf Graphic file (type
 pdf)
<use Slides_RD_reorganized_files/figure-beamer/stylea-1.pdf>
Package pdftex.def Info: Slides_RD_reorganized_files/figure-beamer/stylea-1.pdf
  used on input line 966.
(pdftex.def)             Requested size: 307.30002pt x 170.72223pt.

Overfull \vbox (12.37827pt too high) detected at line 966
 []

[54

 <./Slides_RD_reorganized_files/figure-beamer/stylea-1.pdf>]
\openout4 = `Slides_RD_reorganized.vrb'.

(Slides_RD_reorganized.vrb) [55

]
\openout4 = `Slides_RD_reorganized.vrb'.

(Slides_RD_reorganized.vrb
<Slides_RD_reorganized_files/figure-beamer/shp7b-1.pdf, id=428, 650.43pt x 361.
35pt>
File: Slides_RD_reorganized_files/figure-beamer/shp7b-1.pdf Graphic file (type 
pdf)
<use Slides_RD_reorganized_files/figure-beamer/shp7b-1.pdf>
Package pdftex.def Info: Slides_RD_reorganized_files/figure-beamer/shp7b-1.pdf 
 used on input line 15.
(pdftex.def)             Requested size: 307.30002pt x 170.72223pt.
) [56

 <./Slides_RD_reorganized_files/figure-beamer/shp7b-1.pdf>] [57

] [58

] [59

] [60

] [61

] [62

] [63

] [64

] [65

]
\openout4 = `Slides_RD_reorganized.vrb'.

(Slides_RD_reorganized.vrb) [66

] [67

]
\openout4 = `Slides_RD_reorganized.vrb'.

(Slides_RD_reorganized.vrb) [68

]
\openout4 = `Slides_RD_reorganized.vrb'.

(Slides_RD_reorganized.vrb
<Slides_RD_reorganized_files/figure-beamer/fuzzy2a-1.pdf, id=516, 650.43pt x 36
1.35pt>
File: Slides_RD_reorganized_files/figure-beamer/fuzzy2a-1.pdf Graphic file (typ
e pdf)
<use Slides_RD_reorganized_files/figure-beamer/fuzzy2a-1.pdf>
Package pdftex.def Info: Slides_RD_reorganized_files/figure-beamer/fuzzy2a-1.pd
f  used on input line 9.
(pdftex.def)             Requested size: 307.30002pt x 170.72223pt.
) [69

 <./Slides_RD_reorganized_files/figure-beamer/fuzzy2a-1.pdf>]
\openout4 = `Slides_RD_reorganized.vrb'.

(Slides_RD_reorganized.vrb
LaTeX Font Info:    Font shape `T1/lmtt/bx/n' in size <10.95> not available
(Font)              Font shape `T1/lmtt/b/n' tried instead on input line 12.
) [70

]
<Slides_RD_reorganized_files/figure-beamer/fuz3b-1.pdf, id=534, 650.43pt x 361.
35pt>
File: Slides_RD_reorganized_files/figure-beamer/fuz3b-1.pdf Graphic file (type 
pdf)
<use Slides_RD_reorganized_files/figure-beamer/fuz3b-1.pdf>
Package pdftex.def Info: Slides_RD_reorganized_files/figure-beamer/fuz3b-1.pdf 
 used on input line 1291.
(pdftex.def)             Requested size: 307.30002pt x 170.72223pt.
[71

 <./Slides_RD_reorganized_files/figure-beamer/fuz3b-1.pdf>]
\openout4 = `Slides_RD_reorganized.vrb'.

(Slides_RD_reorganized.vrb) [72

]
<Slides_RD_reorganized_files/figure-beamer/fuz4aa-1.pdf, id=552, 650.43pt x 361
.35pt>
File: Slides_RD_reorganized_files/figure-beamer/fuz4aa-1.pdf Graphic file (type
 pdf)
<use Slides_RD_reorganized_files/figure-beamer/fuz4aa-1.pdf>
Package pdftex.def Info: Slides_RD_reorganized_files/figure-beamer/fuz4aa-1.pdf
  used on input line 1313.
(pdftex.def)             Requested size: 307.30002pt x 170.72223pt.
[73

 <./Slides_RD_reorganized_files/figure-beamer/fuz4aa-1.pdf>]
<Slides_RD_reorganized_files/figure-beamer/fuz4b-1.pdf, id=565, 650.43pt x 361.
35pt>
File: Slides_RD_reorganized_files/figure-beamer/fuz4b-1.pdf Graphic file (type 
pdf)
<use Slides_RD_reorganized_files/figure-beamer/fuz4b-1.pdf>
Package pdftex.def Info: Slides_RD_reorganized_files/figure-beamer/fuz4b-1.pdf 
 used on input line 1320.
(pdftex.def)             Requested size: 307.30002pt x 170.72223pt.
[74

 <./Slides_RD_reorganized_files/figure-beamer/fuz4b-1.pdf>]
\openout4 = `Slides_RD_reorganized.vrb'.

(Slides_RD_reorganized.vrb) [75

]
\openout4 = `Slides_RD_reorganized.vrb'.

(Slides_RD_reorganized.vrb
<Slides_RD_reorganized_files/figure-beamer/fuz5a-1.pdf, id=583, 650.43pt x 361.
35pt>
File: Slides_RD_reorganized_files/figure-beamer/fuz5a-1.pdf Graphic file (type 
pdf)
<use Slides_RD_reorganized_files/figure-beamer/fuz5a-1.pdf>
Package pdftex.def Info: Slides_RD_reorganized_files/figure-beamer/fuz5a-1.pdf 
 used on input line 9.
(pdftex.def)             Requested size: 307.30002pt x 170.72223pt.
) [76

 <./Slides_RD_reorganized_files/figure-beamer/fuz5a-1.pdf>] [77

] [78

] [79

]
\openout4 = `Slides_RD_reorganized.vrb'.

(Slides_RD_reorganized.vrb) [80

]
\openout4 = `Slides_RD_reorganized.vrb'.

(Slides_RD_reorganized.vrb

Package hyperref Warning: Ignoring empty anchor on input line 13.

) [81

] [82

] [83

] [84

] [85

] [86

]
\tf@nav=\write6
\openout6 = `Slides_RD_reorganized.nav'.

\tf@toc=\write7
\openout7 = `Slides_RD_reorganized.toc'.

\tf@snm=\write8
\openout8 = `Slides_RD_reorganized.snm'.

Package atveryend Info: Empty hook `BeforeClearDocument' on input line 1553.
Package atveryend Info: Empty hook `AfterLastShipout' on input line 1553.
(Slides_RD_reorganized.aux)
Package atveryend Info: Executing hook `AtVeryEndDocument' on input line 1553.
Package atveryend Info: Empty hook `AtEndAfterFileList' on input line 1553.

LaTeX Warning: There were multiply-defined labels.

 ) 
Here is how much of TeX's memory you used:
 24610 strings out of 481565
 455500 string characters out of 2913711
 701314 words of memory out of 3000000
 38899 multiletter control sequences out of 15000+200000
 614972 words of font info for 132 fonts, out of 3000000 for 9000
 1141 hyphenation exceptions out of 8191
 58i,11n,67p,811b,464s stack positions out of 5000i,500n,10000p,200000b,50000s
{C:/Users/Claire/AppData/Local/Programs/MiKTeX 2.9/fonts/enc/dvips/lm/lm-math
it.enc}{C:/Users/Claire/AppData/Local/Programs/MiKTeX 2.9/fonts/enc/dvips/lm/lm
-mathsy.enc}{C:/Users/Claire/AppData/Local/Programs/MiKTeX 2.9/fonts/enc/dvips/
lm/lm-ts1.enc}{C:/Users/Claire/AppData/Local/Programs/MiKTeX 2.9/fonts/enc/dvip
s/lm/lm-ec.enc}{C:/Users/Claire/AppData/Local/Programs/MiKTeX 2.9/fonts/enc/dvi
ps/lm/lm-rm.enc} <C:\Users\Claire\AppData\Local\MiKTeX\2.9\fonts/pk/ljfour/publ
ic/bbm/dpi657\bbm10.pk>{C:/Users/Claire/AppData/Local/Programs/MiKTeX 2.9/fonts
/enc/dvips/lm/lm-mathex.enc}<C:/Users/Claire/AppData/Local/Programs/MiKTeX 2.9/
fonts/type1/public/lm/lmex10.pfb><C:/Users/Claire/AppData/Local/Programs/MiKTeX
 2.9/fonts/type1/public/lm/lmmi10.pfb><C:/Users/Claire/AppData/Local/Programs/M
iKTeX 2.9/fonts/type1/public/lm/lmmi6.pfb><C:/Users/Claire/AppData/Local/Progra
ms/MiKTeX 2.9/fonts/type1/public/lm/lmss10.pfb><C:/Users/Claire/AppData/Local/P
rograms/MiKTeX 2.9/fonts/type1/public/lm/lmss12.pfb><C:/Users/Claire/AppData/Lo
cal/Programs/MiKTeX 2.9/fonts/type1/public/lm/lmss8.pfb><C:/Users/Claire/AppDat
a/Local/Programs/MiKTeX 2.9/fonts/type1/public/lm/lmss9.pfb><C:/Users/Claire/Ap
pData/Local/Programs/MiKTeX 2.9/fonts/type1/public/lm/lmssbx10.pfb><C:/Users/Cl
aire/AppData/Local/Programs/MiKTeX 2.9/fonts/type1/public/lm/lmsso10.pfb><C:/Us
ers/Claire/AppData/Local/Programs/MiKTeX 2.9/fonts/type1/public/lm/lmsso8.pfb><
C:/Users/Claire/AppData/Local/Programs/MiKTeX 2.9/fonts/type1/public/lm/lmsso9.
pfb><C:/Users/Claire/AppData/Local/Programs/MiKTeX 2.9/fonts/type1/public/lm/lm
sy10.pfb><C:/Users/Claire/AppData/Local/Programs/MiKTeX 2.9/fonts/type1/public/
lm/lmsy5.pfb><C:/Users/Claire/AppData/Local/Programs/MiKTeX 2.9/fonts/type1/pub
lic/lm/lmsy6.pfb><C:/Users/Claire/AppData/Local/Programs/MiKTeX 2.9/fonts/type1
/public/lm/lmsy8.pfb><C:/Users/Claire/AppData/Local/Programs/MiKTeX 2.9/fonts/t
ype1/public/lm/lmsy9.pfb><C:/Users/Claire/AppData/Local/Programs/MiKTeX 2.9/fon
ts/type1/public/lm/lmtk10.pfb><C:/Users/Claire/AppData/Local/Programs/MiKTeX 2.
9/fonts/type1/public/lm/lmtt10.pfb><C:/Users/Claire/AppData/Local/Programs/MiKT
eX 2.9/fonts/type1/public/lm/lmtt8.pfb><C:/Users/Claire/AppData/Local/Programs/
MiKTeX 2.9/fonts/type1/public/lm/lmtti10.pfb><C:/Users/Claire/AppData/Local/Pro
grams/MiKTeX 2.9/fonts/type1/public/amsfonts/symbols/msam10.pfb>
Output written on Slides_RD_reorganized.pdf (86 pages, 702551 bytes).
PDF statistics:
 801 PDF objects out of 1000 (max. 8388607)
 258 named destinations out of 1000 (max. 500000)
 18581 words of extra memory for PDF output out of 20736 (max. 10000000)

